.............................................................            [100%]
=============================== warnings summary ===============================
../../../../../../opt/homebrew/lib/python3.10/site-packages/torch/jit/_script.py:1488
../../../../../../opt/homebrew/lib/python3.10/site-packages/torch/jit/_script.py:1488
  /opt/homebrew/lib/python3.10/site-packages/torch/jit/_script.py:1488: DeprecationWarning: `torch.jit.script` is deprecated. Please switch to `torch.compile` or `torch.export`.
    warnings.warn(

-- Docs: https://docs.pytest.org/en/stable/how-to/capture-warnings.html
================================ tests coverage ================================
______________ coverage: platform darwin, python 3.10.17-final-0 _______________

Name                                  Stmts   Miss  Cover   Missing
-------------------------------------------------------------------
src/kubescan/__init__.py                  3      0   100%
src/kubescan/cli.py                     190     95    50%   71-76, 88, 99-104, 114-124, 143-165, 200-216, 228-254, 277-282, 287, 340, 406-407, 411-412, 415, 462-490
src/kubescan/exceptions.py               19      7    63%   28-35, 40-41, 46, 51-52
src/kubescan/model/__init__.py            5      0   100%
src/kubescan/model/ga_ensemble.py        73      6    92%   84-85, 90, 106, 188, 207
src/kubescan/model/gat_encoder.py        81      2    98%   149, 173
src/kubescan/model/rf_classifier.py      52      7    87%   42, 107-113, 128-130
src/kubescan/utils/__init__.py            5      0   100%
src/kubescan/utils/device_utils.py       15      2    87%   16, 19
src/kubescan/utils/graph_builder.py     200     43    78%   114-120, 137-146, 174, 179, 181-191, 199, 277-279, 286-287, 325, 337, 339, 350-354
src/kubescan/utils/yaml_parser.py       219     18    92%   29-30, 108, 146-148, 182, 186, 196, 199, 204, 220, 263, 282, 296-297, 383, 429
-------------------------------------------------------------------
TOTAL                                   862    180    79%
61 passed, 2 warnings in 7.51s
